TN:
SF:script/DeployTSwap.t.sol
DA:13,0
FN:13,23,DeployTSwap.run
FNDA:0,DeployTSwap.run
DA:14,0
DA:15,0
BRDA:15,0,0,-
BRDA:15,0,1,-
DA:16,0
DA:19,0
DA:20,0
DA:22,0
FNF:1
FNH:0
LF:7
LH:0
BRF:2
BRH:0
end_of_record
TN:
SF:src/PoolFactory.sol
DA:40,2
FN:40,42,PoolFactory.
FNDA:2,PoolFactory.
DA:41,2
DA:47,3
FN:47,58,PoolFactory.createPool
FNDA:3,PoolFactory.createPool
DA:48,3
BRDA:48,0,0,1
DA:49,1
DA:51,2
DA:52,2
DA:53,2
DA:54,2
DA:55,2
DA:56,2
DA:57,2
DA:63,1
FN:63,65,PoolFactory.getPool
FNDA:1,PoolFactory.getPool
DA:64,1
DA:67,1
FN:67,69,PoolFactory.getToken
FNDA:1,PoolFactory.getToken
DA:68,1
DA:71,0
FN:71,73,PoolFactory.getWethToken
FNDA:0,PoolFactory.getWethToken
DA:72,0
FNF:5
FNH:4
LF:18
LH:16
BRF:1
BRH:1
end_of_record
TN:
SF:src/TSwapPool.sol
DA:73,2
FN:73,78,TSwapPool.revertIfDeadlinePassed
FNDA:2,TSwapPool.revertIfDeadlinePassed
DA:74,2
BRDA:74,0,0,-
DA:75,0
DA:80,2
FN:80,85,TSwapPool.revertIfZero
FNDA:2,TSwapPool.revertIfZero
DA:81,2
BRDA:81,1,0,-
DA:82,0
DA:90,6
FN:90,98,TSwapPool.
FNDA:6,TSwapPool.
DA:96,6
DA:97,6
DA:113,4
FN:113,184,TSwapPool.deposit
FNDA:4,TSwapPool.deposit
DA:123,4
BRDA:123,2,0,-
DA:124,0
DA:129,4
BRDA:129,3,0,-
BRDA:129,3,1,-
DA:130,0
DA:131,0
DA:149,0
DA:152,0
BRDA:152,4,0,-
DA:153,0
DA:160,0
DA:163,0
BRDA:163,5,0,-
DA:164,0
DA:169,0
DA:177,4
DA:182,4
DA:190,4
FN:190,205,TSwapPool._addLiquidityMintAndTransfer
FNDA:4,TSwapPool._addLiquidityMintAndTransfer
DA:195,4
DA:196,4
DA:199,4
DA:200,4
DA:212,2
FN:212,245,TSwapPool.withdraw
FNDA:2,TSwapPool.withdraw
DA:225,2
DA:226,2
DA:227,2
DA:228,2
DA:230,2
BRDA:230,6,0,-
DA:231,0
DA:233,2
BRDA:233,7,0,-
DA:234,0
DA:240,2
DA:241,2
DA:243,2
DA:244,2
DA:251,0
FN:251,280,TSwapPool.getOutputAmountBasedOnInput
FNDA:0,TSwapPool.getOutputAmountBasedOnInput
DA:276,2
DA:277,2
DA:278,2
DA:279,2
DA:282,0
FN:282,296,TSwapPool.getInputAmountBasedOnOutput
FNDA:0,TSwapPool.getInputAmountBasedOnOutput
DA:293,0
DA:294,0
DA:298,2
FN:298,324,TSwapPool.swapExactInput
FNDA:2,TSwapPool.swapExactInput
DA:310,2
DA:311,2
DA:313,2
DA:319,2
BRDA:319,8,0,-
DA:320,0
DA:323,2
DA:337,0
FN:337,358,TSwapPool.swapExactOutput
FNDA:0,TSwapPool.swapExactOutput
DA:348,0
DA:349,0
DA:351,0
DA:357,0
DA:365,0
FN:365,375,TSwapPool.sellPoolTokens
FNDA:0,TSwapPool.sellPoolTokens
DA:368,0
DA:369,0
DA:385,2
FN:385,414,TSwapPool._swap
FNDA:2,TSwapPool._swap
DA:392,2
DA:393,2
DA:394,2
DA:395,0
BRDA:395,9,0,-
DA:396,0
DA:399,2
DA:400,2
BRDA:400,10,0,-
DA:401,0
DA:402,0
DA:404,2
DA:412,2
DA:413,2
DA:416,4
FN:416,421,TSwapPool._isUnknown
FNDA:4,TSwapPool._isUnknown
DA:417,4
BRDA:417,11,0,-
DA:418,0
DA:420,4
DA:426,0
FN:426,432,TSwapPool.getPoolTokensToDepositBasedOnWeth
FNDA:0,TSwapPool.getPoolTokensToDepositBasedOnWeth
DA:429,0
DA:430,0
DA:431,0
DA:435,0
FN:435,437,TSwapPool.totalLiquidityTokenSupply
FNDA:0,TSwapPool.totalLiquidityTokenSupply
DA:436,8
DA:439,0
FN:439,441,TSwapPool.getPoolToken
FNDA:0,TSwapPool.getPoolToken
DA:440,0
DA:443,0
FN:443,445,TSwapPool.getWeth
FNDA:0,TSwapPool.getWeth
DA:444,0
DA:447,0
FN:447,449,TSwapPool.getMinimumWethDepositAmount
FNDA:0,TSwapPool.getMinimumWethDepositAmount
DA:448,0
DA:451,0
FN:451,458,TSwapPool.getPriceOfOneWethInPoolTokens
FNDA:0,TSwapPool.getPriceOfOneWethInPoolTokens
DA:452,0
DA:453,0
DA:460,0
FN:460,467,TSwapPool.getPriceOfOnePoolTokenInWeth
FNDA:0,TSwapPool.getPriceOfOnePoolTokenInWeth
DA:461,0
DA:462,0
FNF:20
FNH:9
LF:100
LH:51
BRF:13
BRH:0
end_of_record
